2023-11-22 17:01:04.732 +06:00 [INF] I am in index
2023-11-22 17:01:08.273 +06:00 [INF] I am Showing Data
2023-11-22 17:05:04.238 +06:00 [ERR] Failed executing DbCommand (22ms) [Parameters=[@p0='?' (DbType = Guid), @p1='?' (Size = 4000), @p2='?' (Size = 200), @p3='?' (Size = 4000), @p4='?' (Size = 4000), @p5='?' (DbType = Int32), @p6='?' (DbType = Time), @p7='?' (Size = 4000), @p8='?' (Size = 4000), @p9='?' (DbType = Date), @p10='?' (Size = 4000)], CommandType='"Text"', CommandTimeout='30']
SET IMPLICIT_TRANSACTIONS OFF;
SET NOCOUNT ON;
INSERT INTO [Courses] ([Id], [DayOfWeek], [Description], [ImageURL], [Name], [Price], [RegistrationDeadline], [endTime], [level], [startDate], [startTime])
VALUES (@p0, @p1, @p2, @p3, @p4, @p5, @p6, @p7, @p8, @p9, @p10);
2023-11-22 17:05:04.367 +06:00 [ERR] An exception occurred in the database while saving changes for context type 'SnapSkill.Web.Data.ApplicationDbContext'.
Microsoft.EntityFrameworkCore.DbUpdateException: An error occurred while saving the entity changes. See the inner exception for details.
 ---> System.OverflowException: SqlDbType.Time overflow.  Value '5.10:30:15' is out of range.  Must be between 00:00:00.0000000 and 23:59:59.9999999.
   at Microsoft.Data.SqlClient.TdsParser.WriteTime(TimeSpan value, Byte scale, Int32 length, TdsParserStateObject stateObj)
   at Microsoft.Data.SqlClient.TdsParser.WriteUnterminatedValue(Object value, MetaType type, Byte scale, Int32 actualLength, Int32 encodingByteSize, Int32 offset, TdsParserStateObject stateObj, Int32 paramSize, Boolean isDataFeed)
   at Microsoft.Data.SqlClient.TdsParser.WriteValue(Object value, MetaType type, Byte scale, Int32 actualLength, Int32 encodingByteSize, Int32 offset, TdsParserStateObject stateObj, Int32 paramSize, Boolean isDataFeed)
   at Microsoft.Data.SqlClient.TdsParser.TDSExecuteRPCAddParameter(TdsParserStateObject stateObj, SqlParameter param, MetaType mt, Byte options, SqlCommand command, Boolean isAnonymous)
   at Microsoft.Data.SqlClient.TdsParser.TdsExecuteRPC(SqlCommand cmd, _SqlRPC[] rpcArray, Int32 timeout, Boolean inSchema, SqlNotificationRequest notificationRequest, TdsParserStateObject stateObj, Boolean isCommandProc, Boolean sync, TaskCompletionSource`1 completion, Int32 startRpc, Int32 startParam)
   at Microsoft.Data.SqlClient.SqlCommand.RunExecuteReaderTds(CommandBehavior cmdBehavior, RunBehavior runBehavior, Boolean returnStream, Boolean isAsync, Int32 timeout, Task& task, Boolean asyncWrite, Boolean inRetry, SqlDataReader ds, Boolean describeParameterEncryptionRequest)
   at Microsoft.Data.SqlClient.SqlCommand.RunExecuteReader(CommandBehavior cmdBehavior, RunBehavior runBehavior, Boolean returnStream, TaskCompletionSource`1 completion, Int32 timeout, Task& task, Boolean& usedCache, Boolean asyncWrite, Boolean inRetry, String method)
   at Microsoft.Data.SqlClient.SqlCommand.RunExecuteReader(CommandBehavior cmdBehavior, RunBehavior runBehavior, Boolean returnStream, String method)
   at Microsoft.Data.SqlClient.SqlCommand.ExecuteReader(CommandBehavior behavior)
   at Microsoft.Data.SqlClient.SqlCommand.ExecuteDbDataReader(CommandBehavior behavior)
   at Microsoft.EntityFrameworkCore.Storage.RelationalCommand.ExecuteReader(RelationalCommandParameterObject parameterObject)
   at Microsoft.EntityFrameworkCore.Update.ReaderModificationCommandBatch.Execute(IRelationalConnection connection)
   --- End of inner exception stack trace ---
   at Microsoft.EntityFrameworkCore.Update.ReaderModificationCommandBatch.Execute(IRelationalConnection connection)
   at Microsoft.EntityFrameworkCore.SqlServer.Update.Internal.SqlServerModificationCommandBatch.Execute(IRelationalConnection connection)
   at Microsoft.EntityFrameworkCore.Update.Internal.BatchExecutor.Execute(IEnumerable`1 commandBatches, IRelationalConnection connection)
   at Microsoft.EntityFrameworkCore.Storage.RelationalDatabase.SaveChanges(IList`1 entries)
   at Microsoft.EntityFrameworkCore.ChangeTracking.Internal.StateManager.SaveChanges(IList`1 entriesToSave)
   at Microsoft.EntityFrameworkCore.ChangeTracking.Internal.StateManager.SaveChanges(StateManager stateManager, Boolean acceptAllChangesOnSuccess)
   at Microsoft.EntityFrameworkCore.ChangeTracking.Internal.StateManager.<>c.<SaveChanges>b__107_0(DbContext _, ValueTuple`2 t)
   at Microsoft.EntityFrameworkCore.SqlServer.Storage.Internal.SqlServerExecutionStrategy.Execute[TState,TResult](TState state, Func`3 operation, Func`3 verifySucceeded)
   at Microsoft.EntityFrameworkCore.ChangeTracking.Internal.StateManager.SaveChanges(Boolean acceptAllChangesOnSuccess)
   at Microsoft.EntityFrameworkCore.DbContext.SaveChanges(Boolean acceptAllChangesOnSuccess)
Microsoft.EntityFrameworkCore.DbUpdateException: An error occurred while saving the entity changes. See the inner exception for details.
 ---> System.OverflowException: SqlDbType.Time overflow.  Value '5.10:30:15' is out of range.  Must be between 00:00:00.0000000 and 23:59:59.9999999.
   at Microsoft.Data.SqlClient.TdsParser.WriteTime(TimeSpan value, Byte scale, Int32 length, TdsParserStateObject stateObj)
   at Microsoft.Data.SqlClient.TdsParser.WriteUnterminatedValue(Object value, MetaType type, Byte scale, Int32 actualLength, Int32 encodingByteSize, Int32 offset, TdsParserStateObject stateObj, Int32 paramSize, Boolean isDataFeed)
   at Microsoft.Data.SqlClient.TdsParser.WriteValue(Object value, MetaType type, Byte scale, Int32 actualLength, Int32 encodingByteSize, Int32 offset, TdsParserStateObject stateObj, Int32 paramSize, Boolean isDataFeed)
   at Microsoft.Data.SqlClient.TdsParser.TDSExecuteRPCAddParameter(TdsParserStateObject stateObj, SqlParameter param, MetaType mt, Byte options, SqlCommand command, Boolean isAnonymous)
   at Microsoft.Data.SqlClient.TdsParser.TdsExecuteRPC(SqlCommand cmd, _SqlRPC[] rpcArray, Int32 timeout, Boolean inSchema, SqlNotificationRequest notificationRequest, TdsParserStateObject stateObj, Boolean isCommandProc, Boolean sync, TaskCompletionSource`1 completion, Int32 startRpc, Int32 startParam)
   at Microsoft.Data.SqlClient.SqlCommand.RunExecuteReaderTds(CommandBehavior cmdBehavior, RunBehavior runBehavior, Boolean returnStream, Boolean isAsync, Int32 timeout, Task& task, Boolean asyncWrite, Boolean inRetry, SqlDataReader ds, Boolean describeParameterEncryptionRequest)
   at Microsoft.Data.SqlClient.SqlCommand.RunExecuteReader(CommandBehavior cmdBehavior, RunBehavior runBehavior, Boolean returnStream, TaskCompletionSource`1 completion, Int32 timeout, Task& task, Boolean& usedCache, Boolean asyncWrite, Boolean inRetry, String method)
   at Microsoft.Data.SqlClient.SqlCommand.RunExecuteReader(CommandBehavior cmdBehavior, RunBehavior runBehavior, Boolean returnStream, String method)
   at Microsoft.Data.SqlClient.SqlCommand.ExecuteReader(CommandBehavior behavior)
   at Microsoft.Data.SqlClient.SqlCommand.ExecuteDbDataReader(CommandBehavior behavior)
   at Microsoft.EntityFrameworkCore.Storage.RelationalCommand.ExecuteReader(RelationalCommandParameterObject parameterObject)
   at Microsoft.EntityFrameworkCore.Update.ReaderModificationCommandBatch.Execute(IRelationalConnection connection)
   --- End of inner exception stack trace ---
   at Microsoft.EntityFrameworkCore.Update.ReaderModificationCommandBatch.Execute(IRelationalConnection connection)
   at Microsoft.EntityFrameworkCore.SqlServer.Update.Internal.SqlServerModificationCommandBatch.Execute(IRelationalConnection connection)
   at Microsoft.EntityFrameworkCore.Update.Internal.BatchExecutor.Execute(IEnumerable`1 commandBatches, IRelationalConnection connection)
   at Microsoft.EntityFrameworkCore.Storage.RelationalDatabase.SaveChanges(IList`1 entries)
   at Microsoft.EntityFrameworkCore.ChangeTracking.Internal.StateManager.SaveChanges(IList`1 entriesToSave)
   at Microsoft.EntityFrameworkCore.ChangeTracking.Internal.StateManager.SaveChanges(StateManager stateManager, Boolean acceptAllChangesOnSuccess)
   at Microsoft.EntityFrameworkCore.ChangeTracking.Internal.StateManager.<>c.<SaveChanges>b__107_0(DbContext _, ValueTuple`2 t)
   at Microsoft.EntityFrameworkCore.SqlServer.Storage.Internal.SqlServerExecutionStrategy.Execute[TState,TResult](TState state, Func`3 operation, Func`3 verifySucceeded)
   at Microsoft.EntityFrameworkCore.ChangeTracking.Internal.StateManager.SaveChanges(Boolean acceptAllChangesOnSuccess)
   at Microsoft.EntityFrameworkCore.DbContext.SaveChanges(Boolean acceptAllChangesOnSuccess)
2023-11-22 17:24:20.869 +06:00 [INF] I am in index
2023-11-22 17:24:34.246 +06:00 [INF] I am in index
2023-11-22 17:24:40.114 +06:00 [INF] I am Showing Data
2023-11-22 17:26:26.069 +06:00 [INF] I am in index
2023-11-22 17:26:27.735 +06:00 [INF] I am Showing Data
2023-11-22 17:26:36.200 +06:00 [INF] I am Showing Data
2023-11-22 17:27:22.563 +06:00 [INF] I am Showing Data
2023-11-22 17:30:28.829 +06:00 [INF] I am in index
2023-11-22 17:30:30.254 +06:00 [INF] I am Showing Data
2023-11-22 17:32:58.019 +06:00 [INF] I am Showing Data
2023-11-22 17:32:59.475 +06:00 [INF] I am Showing Data
2023-11-22 17:34:26.354 +06:00 [INF] I am Showing Data
2023-11-22 17:38:27.102 +06:00 [INF] I am Showing Data
2023-11-22 17:38:32.126 +06:00 [INF] I am Showing Data
2023-11-22 17:40:40.151 +06:00 [INF] I am Showing Data
2023-11-22 17:41:27.366 +06:00 [INF] I am in index
2023-11-22 17:41:29.784 +06:00 [INF] I am Showing Data
2023-11-22 17:42:05.967 +06:00 [INF] I am in index
2023-11-22 17:42:09.968 +06:00 [INF] I am Showing Data
2023-11-22 17:45:16.257 +06:00 [INF] I am Showing Data
2023-11-22 17:48:59.223 +06:00 [INF] I am Showing Data
2023-11-22 17:49:04.028 +06:00 [INF] I am Showing Data
2023-11-22 17:49:04.575 +06:00 [INF] I am Showing Data
2023-11-22 17:49:04.780 +06:00 [INF] I am Showing Data
2023-11-22 17:49:04.979 +06:00 [INF] I am Showing Data
2023-11-22 17:49:16.793 +06:00 [INF] I am Showing Data
2023-11-22 17:55:50.277 +06:00 [INF] I am in index
2023-11-22 17:55:52.013 +06:00 [INF] I am Showing Data
2023-11-22 17:59:19.815 +06:00 [INF] I am in index
2023-11-22 18:04:02.990 +06:00 [INF] I am Showing Data
2023-11-22 18:04:34.056 +06:00 [INF] I am in index
2023-11-22 18:04:35.283 +06:00 [INF] I am Showing Data
2023-11-22 18:06:30.662 +06:00 [INF] I am Showing Data
2023-11-22 18:06:58.880 +06:00 [INF] I am Showing Data
2023-11-22 18:08:11.713 +06:00 [INF] I am in index
2023-11-22 18:08:12.816 +06:00 [INF] I am Showing Data
2023-11-22 18:09:26.921 +06:00 [INF] I am Showing Data
2023-11-22 18:09:55.659 +06:00 [INF] I am Showing Data
2023-11-22 18:10:59.489 +06:00 [INF] I am Showing Data
2023-11-22 18:11:24.058 +06:00 [INF] I am Showing Data
2023-11-22 18:11:52.597 +06:00 [INF] I am Showing Data
2023-11-22 18:12:25.527 +06:00 [INF] I am Showing Data
2023-11-22 18:12:39.797 +06:00 [INF] I am Showing Data
