2023-11-20 16:11:34.001 +06:00 [INF] I am in index
2023-11-20 16:11:42.828 +06:00 [INF] I am Showing Data
2023-11-20 16:13:16.623 +06:00 [INF] I am Showing Data
2023-11-20 16:13:30.842 +06:00 [INF] I am Showing Data
2023-11-20 16:14:38.706 +06:00 [INF] I am Showing Data
2023-11-20 16:14:59.024 +06:00 [INF] I am Showing Data
2023-11-20 16:15:13.994 +06:00 [INF] I am Showing Data
2023-11-20 16:15:38.718 +06:00 [INF] I am Showing Data
2023-11-20 16:20:11.689 +06:00 [INF] I am Showing Data
2023-11-20 16:21:01.494 +06:00 [INF] I am Showing Data
2023-11-20 16:23:21.382 +06:00 [INF] I am Showing Data
2023-11-20 16:23:53.108 +06:00 [INF] I am Showing Data
2023-11-20 16:25:25.333 +06:00 [INF] I am Showing Data
2023-11-20 16:27:31.981 +06:00 [INF] I am Showing Data
2023-11-20 16:28:12.507 +06:00 [INF] I am Showing Data
2023-11-20 16:28:31.715 +06:00 [INF] I am Showing Data
2023-11-20 16:35:26.723 +06:00 [INF] I am in index
2023-11-20 16:35:30.574 +06:00 [INF] I am Showing Data
2023-11-20 16:38:12.206 +06:00 [INF] I am in index
2023-11-20 16:38:14.909 +06:00 [INF] I am Showing Data
2023-11-20 16:39:15.800 +06:00 [INF] I am in index
2023-11-20 16:39:19.295 +06:00 [INF] I am Showing Data
2023-11-20 16:40:48.870 +06:00 [INF] I am in index
2023-11-20 16:40:51.394 +06:00 [INF] I am Showing Data
2023-11-20 16:41:51.703 +06:00 [INF] I am Showing Data
2023-11-20 16:42:00.139 +06:00 [INF] I am Showing Data
2023-11-20 16:43:32.690 +06:00 [INF] I am Showing Data
2023-11-20 16:43:38.301 +06:00 [INF] I am Showing Data
2023-11-20 16:43:39.248 +06:00 [INF] I am Showing Data
2023-11-20 16:45:56.969 +06:00 [INF] I am in index
2023-11-20 16:45:59.045 +06:00 [INF] I am Showing Data
2023-11-20 16:46:21.355 +06:00 [INF] I am Showing Data
2023-11-20 16:46:27.402 +06:00 [INF] I am Showing Data
2023-11-20 16:46:28.232 +06:00 [INF] I am Showing Data
2023-11-20 16:46:28.417 +06:00 [INF] I am Showing Data
2023-11-20 16:46:28.594 +06:00 [INF] I am Showing Data
2023-11-20 16:46:28.766 +06:00 [INF] I am Showing Data
2023-11-20 16:46:28.935 +06:00 [INF] I am Showing Data
2023-11-20 16:46:29.096 +06:00 [INF] I am Showing Data
2023-11-20 16:46:29.351 +06:00 [INF] I am Showing Data
2023-11-20 16:47:03.577 +06:00 [INF] I am Showing Data
2023-11-20 16:47:09.064 +06:00 [INF] I am Showing Data
2023-11-20 16:47:09.822 +06:00 [INF] I am Showing Data
2023-11-20 16:47:10.039 +06:00 [INF] I am Showing Data
2023-11-20 16:47:10.177 +06:00 [INF] I am Showing Data
2023-11-20 16:47:10.356 +06:00 [INF] I am Showing Data
2023-11-20 16:47:10.572 +06:00 [INF] I am Showing Data
2023-11-20 16:47:18.250 +06:00 [INF] I am Showing Data
2023-11-20 16:52:54.584 +06:00 [INF] I am Showing Data
2023-11-20 16:53:18.830 +06:00 [INF] I am Showing Data
2023-11-20 16:54:40.194 +06:00 [INF] I am Showing Data
2023-11-20 16:55:21.787 +06:00 [INF] I am Showing Data
2023-11-20 16:55:49.617 +06:00 [INF] I am Showing Data
2023-11-20 16:56:35.511 +06:00 [INF] I am Showing Data
2023-11-20 16:57:30.918 +06:00 [INF] I am Showing Data
2023-11-20 16:57:45.993 +06:00 [INF] I am Showing Data
2023-11-20 17:14:22.618 +06:00 [INF] I am Showing Data
2023-11-20 17:22:08.217 +06:00 [INF] I am Showing Data
2023-11-20 17:25:45.252 +06:00 [INF] I am Showing Data
2023-11-20 17:28:47.598 +06:00 [INF] I am Showing Data
2023-11-20 17:30:42.790 +06:00 [INF] I am Showing Data
2023-11-20 17:33:40.970 +06:00 [INF] I am Showing Data
2023-11-20 17:37:11.839 +06:00 [INF] I am Showing Data
2023-11-20 17:37:17.966 +06:00 [INF] I am Showing Data
2023-11-20 17:37:42.051 +06:00 [INF] I am Showing Data
2023-11-20 17:37:51.982 +06:00 [INF] I am Showing Data
2023-11-20 17:39:09.222 +06:00 [INF] I am Showing Data
2023-11-20 17:40:14.430 +06:00 [INF] I am Showing Data
2023-11-20 17:54:26.634 +06:00 [INF] I am in index
2023-11-20 17:54:30.386 +06:00 [INF] I am Showing Data
2023-11-20 17:56:33.625 +06:00 [INF] I am Showing Data
2023-11-20 17:56:56.752 +06:00 [INF] I am Showing Data
2023-11-20 17:57:54.429 +06:00 [INF] I am Showing Data
2023-11-20 18:00:05.812 +06:00 [INF] I am Showing Data
2023-11-20 18:00:35.186 +06:00 [INF] I am Showing Data
2023-11-20 18:03:30.694 +06:00 [INF] I am in index
2023-11-20 18:03:33.403 +06:00 [INF] I am Showing Data
2023-11-20 18:04:40.977 +06:00 [INF] I am Showing Data
2023-11-20 18:04:54.872 +06:00 [INF] I am Showing Data
2023-11-20 18:06:20.173 +06:00 [INF] I am Showing Data
2023-11-20 18:09:02.097 +06:00 [INF] I am Showing Data
2023-11-20 18:09:44.902 +06:00 [INF] I am Showing Data
2023-11-20 18:10:08.948 +06:00 [INF] I am Showing Data
2023-11-20 18:11:00.653 +06:00 [INF] I am Showing Data
2023-11-20 18:12:36.889 +06:00 [INF] I am Showing Data
2023-11-20 18:27:27.823 +06:00 [INF] I am Showing Data
2023-11-20 18:27:32.985 +06:00 [INF] I am Showing Data
2023-11-20 18:30:25.607 +06:00 [INF] I am Showing Data
2023-11-20 18:31:07.428 +06:00 [INF] I am Showing Data
2023-11-20 18:34:47.837 +06:00 [INF] I am Showing Data
2023-11-20 18:34:48.766 +06:00 [ERR] An unhandled exception has occurred while executing the request.
2023-11-20 18:34:48.815 +06:00 [ERR] An exception was thrown attempting to display the error page.
System.TypeLoadException: Could not load type 'AspNetCoreGeneratedDocument.Areas_User_Views_Course_Index+<ExecuteAsync>d__10#12' from assembly 'SnapSkill.Web, Version=1.0.0.0, Culture=neutral, PublicKeyToken=null'.
   at System.Reflection.CustomAttribute._CreateCaObject(RuntimeModule pModule, RuntimeType type, IRuntimeMethodInfo pCtor, Byte** ppBlob, Byte* pEndBlob, Int32* pcNamedArgs)
   at System.Reflection.CustomAttribute.AddCustomAttributes(ListBuilder`1& attributes, RuntimeModule decoratedModule, Int32 decoratedMetadataToken, RuntimeType attributeFilterType, Boolean mustBeInheritable, ListBuilder`1 derivedAttributes)
   at System.Reflection.CustomAttribute.GetCustomAttributes(RuntimeMethodInfo method, RuntimeType caType, Boolean inherit)
   at System.Attribute.GetCustomAttributes(MemberInfo element, Type attributeType, Boolean inherit)
   at System.Reflection.CustomAttributeExtensions.GetCustomAttributes[T](MemberInfo element)
   at Microsoft.Extensions.StackTrace.Sources.StackTraceHelper.TryResolveStateMachineMethod(MethodBase& method, Type& declaringType)
   at Microsoft.Extensions.StackTrace.Sources.StackTraceHelper.GetMethodDisplayString(MethodBase method)
   at Microsoft.Extensions.StackTrace.Sources.StackTraceHelper.GetFrames(Exception exception, AggregateException& error)
   at Microsoft.Extensions.StackTrace.Sources.ExceptionDetailsProvider.GetStackFrames(Exception original)
   at Microsoft.Extensions.StackTrace.Sources.ExceptionDetailsProvider.GetDetails(Exception exception)+MoveNext()
   at Microsoft.AspNetCore.Diagnostics.RazorViews.ErrorPage.ExecuteAsync()
   at Microsoft.Extensions.RazorViews.BaseView.ExecuteAsync(HttpContext context)
   at Microsoft.AspNetCore.Diagnostics.EntityFrameworkCore.DatabaseDeveloperPageExceptionFilter.HandleExceptionAsync(ErrorContext errorContext, Func`2 next)
   at Microsoft.AspNetCore.Diagnostics.DeveloperExceptionPageMiddlewareImpl.Invoke(HttpContext context)
2023-11-20 18:34:48.821 +06:00 [ERR] Connection id "0HMV9O2R1BK08", Request id "0HMV9O2R1BK08:0000003B": An unhandled exception was thrown by the application.
2023-11-20 18:34:52.654 +06:00 [INF] I am Showing Data
2023-11-20 18:34:52.746 +06:00 [ERR] An unhandled exception has occurred while executing the request.
2023-11-20 18:34:52.749 +06:00 [ERR] An exception was thrown attempting to display the error page.
System.TypeLoadException: Could not load type 'AspNetCoreGeneratedDocument.Areas_User_Views_Course_Index+<ExecuteAsync>d__10#12' from assembly 'SnapSkill.Web, Version=1.0.0.0, Culture=neutral, PublicKeyToken=null'.
   at System.Reflection.CustomAttribute._CreateCaObject(RuntimeModule pModule, RuntimeType type, IRuntimeMethodInfo pCtor, Byte** ppBlob, Byte* pEndBlob, Int32* pcNamedArgs)
   at System.Reflection.CustomAttribute.AddCustomAttributes(ListBuilder`1& attributes, RuntimeModule decoratedModule, Int32 decoratedMetadataToken, RuntimeType attributeFilterType, Boolean mustBeInheritable, ListBuilder`1 derivedAttributes)
   at System.Reflection.CustomAttribute.GetCustomAttributes(RuntimeMethodInfo method, RuntimeType caType, Boolean inherit)
   at System.Attribute.GetCustomAttributes(MemberInfo element, Type attributeType, Boolean inherit)
   at System.Reflection.CustomAttributeExtensions.GetCustomAttributes[T](MemberInfo element)
   at Microsoft.Extensions.StackTrace.Sources.StackTraceHelper.TryResolveStateMachineMethod(MethodBase& method, Type& declaringType)
   at Microsoft.Extensions.StackTrace.Sources.StackTraceHelper.GetMethodDisplayString(MethodBase method)
   at Microsoft.Extensions.StackTrace.Sources.StackTraceHelper.GetFrames(Exception exception, AggregateException& error)
   at Microsoft.Extensions.StackTrace.Sources.ExceptionDetailsProvider.GetStackFrames(Exception original)
   at Microsoft.Extensions.StackTrace.Sources.ExceptionDetailsProvider.GetDetails(Exception exception)+MoveNext()
   at Microsoft.AspNetCore.Diagnostics.RazorViews.ErrorPage.ExecuteAsync()
   at Microsoft.Extensions.RazorViews.BaseView.ExecuteAsync(HttpContext context)
   at Microsoft.AspNetCore.Diagnostics.EntityFrameworkCore.DatabaseDeveloperPageExceptionFilter.HandleExceptionAsync(ErrorContext errorContext, Func`2 next)
   at Microsoft.AspNetCore.Diagnostics.DeveloperExceptionPageMiddlewareImpl.Invoke(HttpContext context)
2023-11-20 18:34:52.750 +06:00 [ERR] Connection id "0HMV9O2R1BK08", Request id "0HMV9O2R1BK08:0000003D": An unhandled exception was thrown by the application.
2023-11-20 18:35:29.757 +06:00 [INF] I am Showing Data
2023-11-20 18:36:05.445 +06:00 [INF] I am Showing Data
2023-11-20 18:36:20.598 +06:00 [INF] I am Showing Data
2023-11-20 18:36:38.515 +06:00 [INF] I am Showing Data
2023-11-20 18:38:48.697 +06:00 [INF] I am Showing Data
2023-11-20 18:39:27.835 +06:00 [INF] I am Showing Data
2023-11-20 18:39:48.283 +06:00 [INF] I am Showing Data
2023-11-20 18:40:07.651 +06:00 [INF] I am Showing Data
2023-11-20 18:40:30.622 +06:00 [INF] I am Showing Data
2023-11-20 18:40:49.535 +06:00 [INF] I am Showing Data
2023-11-20 18:41:11.074 +06:00 [INF] I am Showing Data
2023-11-20 18:41:32.940 +06:00 [INF] I am Showing Data
2023-11-20 18:41:50.375 +06:00 [INF] I am Showing Data
2023-11-20 18:42:12.730 +06:00 [INF] I am Showing Data
2023-11-20 18:42:25.742 +06:00 [INF] I am Showing Data
2023-11-20 18:43:40.124 +06:00 [INF] I am Showing Data
2023-11-20 18:44:07.199 +06:00 [INF] I am Showing Data
2023-11-20 18:44:31.490 +06:00 [INF] I am Showing Data
2023-11-20 18:45:08.005 +06:00 [INF] I am Showing Data
2023-11-20 18:45:30.801 +06:00 [INF] I am Showing Data
2023-11-20 18:47:08.552 +06:00 [INF] I am Showing Data
2023-11-20 18:47:30.178 +06:00 [INF] I am Showing Data
2023-11-20 18:54:31.602 +06:00 [INF] I am Showing Data
2023-11-20 18:54:57.711 +06:00 [INF] I am Showing Data
2023-11-20 18:56:02.051 +06:00 [INF] I am Showing Data
2023-11-20 18:56:53.710 +06:00 [INF] I am Showing Data
2023-11-20 18:57:59.938 +06:00 [INF] I am Showing Data
2023-11-20 18:58:18.984 +06:00 [INF] I am Showing Data
2023-11-20 18:58:33.623 +06:00 [INF] I am Showing Data
2023-11-20 18:58:56.385 +06:00 [INF] I am Showing Data
2023-11-20 18:59:30.545 +06:00 [INF] I am Showing Data
2023-11-20 19:02:57.660 +06:00 [INF] I am Showing Data
2023-11-20 19:03:16.071 +06:00 [INF] I am Showing Data
2023-11-20 19:04:06.561 +06:00 [INF] I am Showing Data
2023-11-20 19:04:40.520 +06:00 [INF] I am Showing Data
2023-11-20 19:05:57.348 +06:00 [INF] I am in index
2023-11-20 19:05:59.622 +06:00 [INF] I am Showing Data
2023-11-20 19:06:52.998 +06:00 [INF] I am Showing Data
